<?xml version="1.0" encoding="utf-8"?><testsuites><testsuite name="pytest" errors="0" failures="0" skipped="0" tests="4" time="97.422" timestamp="2023-11-24T14:37:19.448442" hostname="Chriss-MacBook-Pro.local"><testcase classname="test_flights_booking.TestFlightsBooking" name="test_flights_booking_0_flights_booking_001" time="40.891" /><testcase classname="test_flights_filter.TestFlightsFilter" name="test_flights_filter_0_flights_filter_001" time="14.584" /><testcase classname="test_flights_search.TestFlightsSearch" name="test_flights_search_0_flights_search_001" time="23.547" /><testcase classname="test_flights_search.TestFlightsSearch" name="test_flights_search_1_flights_search_002" time="18.300" /></testsuite></testsuites>